time="2021-10-17T16:45:35+03:00" level=debug msg="user 8 created successfully" func="github.com/sirupsen/logrus.(*Entry).Logf()" file="entry.go:314" method=POST url=/signup x_request_id=8674665223082153551
time="2021-10-17T16:45:35+03:00" level=warning msg="bad request: EOF" func="github.com/sirupsen/logrus.(*Entry).Logf()" file="entry.go:314" method=POST url=/signup x_request_id=6129484611666145821
time="2021-10-17T16:45:35+03:00" level=debug msg="user 9 created successfully" func="github.com/sirupsen/logrus.(*Entry).Logf()" file="entry.go:314" method=POST url=/signup x_request_id=3916589616287113937
time="2021-10-17T16:45:35+03:00" level=warning msg="can not create user: error with code 403 happened: already exist" func="github.com/sirupsen/logrus.(*Entry).Logf()" file="entry.go:314" method=POST url=/signup x_request_id=6334824724549167320
time="2021-10-17T16:45:35+03:00" level=warning msg="can not update profile: error with code 404 happened: empty rows" func="github.com/sirupsen/logrus.(*Entry).Logf()" file="entry.go:314"
time="2021-10-17T16:45:35+03:00" level=warning msg="bad request: EOF" func="github.com/sirupsen/logrus.(*Entry).Logf()" file="entry.go:314"
time="2021-10-17T16:45:35+03:00" level=warning msg="can not get user with id 0: error with code 404 happened: not exist" func="github.com/sirupsen/logrus.(*Entry).Logf()" file="entry.go:314" method=GET url=/users/profile x_request_id=2775422040480279449
time="2021-10-17T16:46:26+03:00" level=debug msg="user 10 created successfully" func="github.com/sirupsen/logrus.(*Entry).Logf()" file="entry.go:314" method=POST url=/signup x_request_id=8674665223082153551
time="2021-10-17T16:46:26+03:00" level=warning msg="bad request: EOF" func="github.com/sirupsen/logrus.(*Entry).Logf()" file="entry.go:314" method=POST url=/signup x_request_id=6129484611666145821
time="2021-10-17T16:46:26+03:00" level=debug msg="user 11 created successfully" func="github.com/sirupsen/logrus.(*Entry).Logf()" file="entry.go:314" method=POST url=/signup x_request_id=3916589616287113937
time="2021-10-17T16:46:26+03:00" level=warning msg="can not create user: error with code 403 happened: already exist" func="github.com/sirupsen/logrus.(*Entry).Logf()" file="entry.go:314" method=POST url=/signup x_request_id=6334824724549167320
time="2021-10-17T16:46:26+03:00" level=warning msg="can not update profile: error with code 404 happened: empty rows" func="github.com/sirupsen/logrus.(*Entry).Logf()" file="entry.go:314"
time="2021-10-17T16:46:26+03:00" level=warning msg="bad request: EOF" func="github.com/sirupsen/logrus.(*Entry).Logf()" file="entry.go:314"
time="2021-10-17T16:46:26+03:00" level=warning msg="can not get user with id 0: error with code 404 happened: not exist" func="github.com/sirupsen/logrus.(*Entry).Logf()" file="entry.go:314" method=GET url=/users/profile x_request_id=2775422040480279449
time="2021-10-17T16:47:20+03:00" level=debug msg="user 12 created successfully" func="github.com/sirupsen/logrus.(*Entry).Logf()" file="entry.go:314" method=POST url=/signup x_request_id=8674665223082153551
time="2021-10-17T16:47:20+03:00" level=warning msg="can not create user: error with code 403 happened: already exist" func="github.com/sirupsen/logrus.(*Entry).Logf()" file="entry.go:314" method=POST url=/signup x_request_id=6129484611666145821
time="2021-10-17T16:47:31+03:00" level=warning msg="can not update profile: error with code 404 happened: empty rows" func="github.com/sirupsen/logrus.(*Entry).Logf()" file="entry.go:314"
time="2021-10-17T16:47:49+03:00" level=warning msg="can not update profile: error with code 404 happened: empty rows" func="github.com/sirupsen/logrus.(*Entry).Logf()" file="entry.go:314"
time="2021-10-17T16:47:58+03:00" level=warning msg="bad request: EOF" func="github.com/sirupsen/logrus.(*Entry).Logf()" file="entry.go:314"
time="2021-10-17T16:48:02+03:00" level=warning msg="can not get user with id 0: error with code 404 happened: not exist" func="github.com/sirupsen/logrus.(*Entry).Logf()" file="entry.go:314" method=GET url=/users/profile x_request_id=5577006791947779410
time="2021-10-17T16:48:12+03:00" level=warning msg="can not get user with id 0: error with code 404 happened: not exist" func="github.com/sirupsen/logrus.(*Entry).Logf()" file="entry.go:314" method=GET url=/users/profile x_request_id=5577006791947779410
time="2021-10-17T16:48:16+03:00" level=debug msg="user 13 created successfully" func="github.com/sirupsen/logrus.(*Entry).Logf()" file="entry.go:314" method=POST url=/signup x_request_id=8674665223082153551
time="2021-10-17T16:48:16+03:00" level=warning msg="bad request: EOF" func="github.com/sirupsen/logrus.(*Entry).Logf()" file="entry.go:314" method=POST url=/signup x_request_id=6129484611666145821
time="2021-10-17T16:48:16+03:00" level=debug msg="user 14 created successfully" func="github.com/sirupsen/logrus.(*Entry).Logf()" file="entry.go:314" method=POST url=/signup x_request_id=3916589616287113937
time="2021-10-17T16:48:16+03:00" level=warning msg="can not create user: error with code 403 happened: already exist" func="github.com/sirupsen/logrus.(*Entry).Logf()" file="entry.go:314" method=POST url=/signup x_request_id=6334824724549167320
time="2021-10-17T16:48:16+03:00" level=warning msg="can not update profile: error with code 404 happened: empty rows" func="github.com/sirupsen/logrus.(*Entry).Logf()" file="entry.go:314"
time="2021-10-17T16:48:16+03:00" level=warning msg="bad request: EOF" func="github.com/sirupsen/logrus.(*Entry).Logf()" file="entry.go:314"
time="2021-10-17T16:48:17+03:00" level=warning msg="can not get user with id 0: error with code 404 happened: not exist" func="github.com/sirupsen/logrus.(*Entry).Logf()" file="entry.go:314" method=GET url=/users/profile x_request_id=2775422040480279449
time="2021-10-17T17:00:02+03:00" level=debug msg="user 17 created successfully" func="github.com/sirupsen/logrus.(*Entry).Logf()" file="entry.go:314" method=POST url=/signup x_request_id=8674665223082153551
