time="2021-10-30T15:29:14+03:00" level=debug msg="signin successfully" func="yula/internal/pkg/session/delivery/http.(*SessionHandler).SignInHandler()" file="handlers.go:113" method=POST url=/signin x_request_id=5577006791947779410
time="2021-10-30T15:29:47+03:00" level=debug msg="signin successfully" func="yula/internal/pkg/session/delivery/http.(*SessionHandler).SignInHandler()" file="handlers.go:113" method=POST url=/signin x_request_id=5577006791947779410
time="2021-10-30T15:34:09+03:00" level=warning msg="can not get by email: error with code 404 happened: not exist" func="yula/internal/pkg/session/delivery/http.(*SessionHandler).SignInHandler()" file="handlers.go:74" method=POST url=/signin x_request_id=5577006791947779410
time="2021-10-30T15:34:27+03:00" level=warning msg="can not get by email: error with code 404 happened: not exist" func="yula/internal/pkg/session/delivery/http.(*SessionHandler).SignInHandler()" file="handlers.go:74" method=POST url=/signin x_request_id=5577006791947779410
time="2021-10-30T15:36:43+03:00" level=warning msg="wrong password check: error with code 401 happened: password mismatch" func="yula/internal/pkg/session/delivery/http.(*SessionHandler).SignInHandler()" file="handlers.go:84" method=POST url=/signin x_request_id=5577006791947779410
time="2021-10-30T15:37:15+03:00" level=warning msg="wrong password check: error with code 401 happened: password mismatch" func="yula/internal/pkg/session/delivery/http.(*SessionHandler).SignInHandler()" file="handlers.go:84" method=POST url=/signin x_request_id=5577006791947779410
time="2021-10-30T15:37:39+03:00" level=warning msg="wrong password check: error with code 401 happened: password mismatch" func="yula/internal/pkg/session/delivery/http.(*SessionHandler).SignInHandler()" file="handlers.go:84" method=POST url=/signin x_request_id=5577006791947779410
time="2021-10-30T15:38:52+03:00" level=warning msg="wrong password check: error with code 401 happened: password mismatch" func="yula/internal/pkg/session/delivery/http.(*SessionHandler).SignInHandler()" file="handlers.go:84" method=POST url=/signin x_request_id=5577006791947779410
time="2021-10-30T15:41:51+03:00" level=warning msg="bad request: EOF" func="yula/internal/pkg/session/delivery/http.(*SessionHandler).SignInHandler()" file="handlers.go:55" method=POST url=/signin x_request_id=5577006791947779410
time="2021-10-30T15:42:35+03:00" level=warning msg="bad request: EOF" func="yula/internal/pkg/session/delivery/http.(*SessionHandler).SignInHandler()" file="handlers.go:55" method=POST url=/signin x_request_id=5577006791947779410
time="2021-10-30T15:43:44+03:00" level=warning msg="bad request: EOF" func="yula/internal/pkg/session/delivery/http.(*SessionHandler).SignInHandler()" file="handlers.go:55" method=POST url=/signin x_request_id=5577006791947779410
time="2021-10-30T15:49:01+03:00" level=debug msg="signin successfully" func="yula/internal/pkg/session/delivery/http.(*SessionHandler).SignInHandler()" file="handlers.go:113" method=POST url=/signin x_request_id=5577006791947779410
time="2021-10-30T15:49:18+03:00" level=debug msg="signin successfully" func="yula/internal/pkg/session/delivery/http.(*SessionHandler).SignInHandler()" file="handlers.go:113" method=POST url=/signin x_request_id=5577006791947779410
time="2021-10-30T15:51:59+03:00" level=warning msg="can not get by email: error with code 404 happened: not exist" func="yula/internal/pkg/session/delivery/http.(*SessionHandler).SignInHandler()" file="handlers.go:74" method=POST url=/signin x_request_id=5577006791947779410
time="2021-10-30T15:52:56+03:00" level=warning msg="wrong password check: error with code 401 happened: password mismatch" func="yula/internal/pkg/session/delivery/http.(*SessionHandler).SignInHandler()" file="handlers.go:84" method=POST url=/signin x_request_id=5577006791947779410
time="2021-10-30T15:53:37+03:00" level=warning msg="bad request: EOF" func="yula/internal/pkg/session/delivery/http.(*SessionHandler).SignInHandler()" file="handlers.go:55" method=POST url=/signin x_request_id=5577006791947779410
time="2021-10-30T16:01:43+03:00" level=debug msg="logout successfully" func="yula/internal/pkg/session/delivery/http.(*SessionHandler).LogOutHandler()" file="handlers.go:152" method=POST url=/logout x_request_id=5577006791947779410
time="2021-10-30T16:03:44+03:00" level=warning msg="unauthorized: http: named cookie not present" func="yula/internal/pkg/session/delivery/http.(*SessionHandler).LogOutHandler()" file="handlers.go:129" method=POST url=/logout x_request_id=5577006791947779410
time="2021-10-30T16:04:03+03:00" level=warning msg="unauthorized: http: named cookie not present" func="yula/internal/pkg/session/delivery/http.(*SessionHandler).LogOutHandler()" file="handlers.go:129" method=POST url=/logout x_request_id=5577006791947779410
time="2021-10-30T16:04:26+03:00" level=warning msg="unauthorized: http: named cookie not present" func="yula/internal/pkg/session/delivery/http.(*SessionHandler).LogOutHandler()" file="handlers.go:129" method=POST url=/logout x_request_id=5577006791947779410
time="2021-10-30T16:06:20+03:00" level=warning msg="can not delete session: error with code 404 happened: not exist" func="yula/internal/pkg/session/delivery/http.(*SessionHandler).LogOutHandler()" file="handlers.go:139" method=POST url=/logout x_request_id=5577006791947779410
time="2021-10-30T16:06:33+03:00" level=warning msg="can not delete session: error with code 404 happened: not exist" func="yula/internal/pkg/session/delivery/http.(*SessionHandler).LogOutHandler()" file="handlers.go:139" method=POST url=/logout x_request_id=5577006791947779410
time="2021-10-30T16:07:13+03:00" level=warning msg="can not delete session: error with code 404 happened: not exist" func="yula/internal/pkg/session/delivery/http.(*SessionHandler).LogOutHandler()" file="handlers.go:139" method=POST url=/logout x_request_id=5577006791947779410
time="2021-10-30T16:08:07+03:00" level=warning msg="can not delete session: error with code 500 happened: database error" func="yula/internal/pkg/session/delivery/http.(*SessionHandler).LogOutHandler()" file="handlers.go:139" method=POST url=/logout x_request_id=5577006791947779410
time="2021-10-31T11:44:55+03:00" level=debug msg="signin successfully" func="yula/internal/pkg/session/delivery/http.(*SessionHandler).SignInHandler()" file="handlers.go:113" method=POST url=/signin x_request_id=5577006791947779410
time="2021-10-31T11:44:55+03:00" level=warning msg="can not get by email: error with code 404 happened: not exist" func="yula/internal/pkg/session/delivery/http.(*SessionHandler).SignInHandler()" file="handlers.go:74" method=POST url=/signin x_request_id=8674665223082153551
time="2021-10-31T11:44:55+03:00" level=warning msg="wrong password check: error with code 401 happened: password mismatch" func="yula/internal/pkg/session/delivery/http.(*SessionHandler).SignInHandler()" file="handlers.go:84" method=POST url=/signin x_request_id=6129484611666145821
time="2021-10-31T11:44:55+03:00" level=warning msg="bad request: EOF" func="yula/internal/pkg/session/delivery/http.(*SessionHandler).SignInHandler()" file="handlers.go:55" method=POST url=/signin x_request_id=4037200794235010051
time="2021-10-31T11:44:55+03:00" level=debug msg="logout successfully" func="yula/internal/pkg/session/delivery/http.(*SessionHandler).LogOutHandler()" file="handlers.go:152" method=POST url=/logout x_request_id=3916589616287113937
time="2021-10-31T11:44:55+03:00" level=warning msg="unauthorized: http: named cookie not present" func="yula/internal/pkg/session/delivery/http.(*SessionHandler).LogOutHandler()" file="handlers.go:129" method=POST url=/logout x_request_id=6334824724549167320
time="2021-10-31T11:44:55+03:00" level=warning msg="can not delete session: error with code 404 happened: not exist" func="yula/internal/pkg/session/delivery/http.(*SessionHandler).LogOutHandler()" file="handlers.go:139" method=POST url=/logout x_request_id=605394647632969758
time="2021-10-31T11:45:08+03:00" level=debug msg="signin successfully" func="yula/internal/pkg/session/delivery/http.(*SessionHandler).SignInHandler()" file="handlers.go:113" method=POST url=/signin x_request_id=5577006791947779410
time="2021-10-31T11:45:08+03:00" level=warning msg="can not get by email: error with code 404 happened: not exist" func="yula/internal/pkg/session/delivery/http.(*SessionHandler).SignInHandler()" file="handlers.go:74" method=POST url=/signin x_request_id=8674665223082153551
time="2021-10-31T11:45:08+03:00" level=warning msg="wrong password check: error with code 401 happened: password mismatch" func="yula/internal/pkg/session/delivery/http.(*SessionHandler).SignInHandler()" file="handlers.go:84" method=POST url=/signin x_request_id=6129484611666145821
time="2021-10-31T11:45:08+03:00" level=warning msg="bad request: EOF" func="yula/internal/pkg/session/delivery/http.(*SessionHandler).SignInHandler()" file="handlers.go:55" method=POST url=/signin x_request_id=4037200794235010051
time="2021-10-31T11:45:08+03:00" level=debug msg="logout successfully" func="yula/internal/pkg/session/delivery/http.(*SessionHandler).LogOutHandler()" file="handlers.go:152" method=POST url=/logout x_request_id=3916589616287113937
time="2021-10-31T11:45:08+03:00" level=warning msg="unauthorized: http: named cookie not present" func="yula/internal/pkg/session/delivery/http.(*SessionHandler).LogOutHandler()" file="handlers.go:129" method=POST url=/logout x_request_id=6334824724549167320
time="2021-10-31T11:45:08+03:00" level=warning msg="can not delete session: error with code 404 happened: not exist" func="yula/internal/pkg/session/delivery/http.(*SessionHandler).LogOutHandler()" file="handlers.go:139" method=POST url=/logout x_request_id=605394647632969758
time="2021-10-31T11:45:47+03:00" level=debug msg="signin successfully" func="yula/internal/pkg/session/delivery/http.(*SessionHandler).SignInHandler()" file="handlers.go:113" method=POST url=/signin x_request_id=5577006791947779410
time="2021-10-31T11:45:47+03:00" level=warning msg="can not get by email: error with code 404 happened: not exist" func="yula/internal/pkg/session/delivery/http.(*SessionHandler).SignInHandler()" file="handlers.go:74" method=POST url=/signin x_request_id=8674665223082153551
time="2021-10-31T11:45:47+03:00" level=warning msg="wrong password check: error with code 401 happened: password mismatch" func="yula/internal/pkg/session/delivery/http.(*SessionHandler).SignInHandler()" file="handlers.go:84" method=POST url=/signin x_request_id=6129484611666145821
time="2021-10-31T11:45:47+03:00" level=warning msg="bad request: EOF" func="yula/internal/pkg/session/delivery/http.(*SessionHandler).SignInHandler()" file="handlers.go:55" method=POST url=/signin x_request_id=4037200794235010051
time="2021-10-31T11:45:47+03:00" level=debug msg="logout successfully" func="yula/internal/pkg/session/delivery/http.(*SessionHandler).LogOutHandler()" file="handlers.go:152" method=POST url=/logout x_request_id=3916589616287113937
time="2021-10-31T11:45:47+03:00" level=warning msg="unauthorized: http: named cookie not present" func="yula/internal/pkg/session/delivery/http.(*SessionHandler).LogOutHandler()" file="handlers.go:129" method=POST url=/logout x_request_id=6334824724549167320
time="2021-10-31T11:45:47+03:00" level=warning msg="can not delete session: error with code 404 happened: not exist" func="yula/internal/pkg/session/delivery/http.(*SessionHandler).LogOutHandler()" file="handlers.go:139" method=POST url=/logout x_request_id=605394647632969758
time="2021-10-31T14:15:50+03:00" level=debug msg="signin successfully" func="yula/internal/pkg/session/delivery/http.(*SessionHandler).SignInHandler()" file="handlers.go:113" method=POST url=/signin x_request_id=5577006791947779410
time="2021-10-31T14:15:50+03:00" level=warning msg="can not get by email: error with code 404 happened: not exist" func="yula/internal/pkg/session/delivery/http.(*SessionHandler).SignInHandler()" file="handlers.go:74" method=POST url=/signin x_request_id=8674665223082153551
time="2021-10-31T14:15:50+03:00" level=warning msg="wrong password check: error with code 401 happened: password mismatch" func="yula/internal/pkg/session/delivery/http.(*SessionHandler).SignInHandler()" file="handlers.go:84" method=POST url=/signin x_request_id=6129484611666145821
time="2021-10-31T14:15:50+03:00" level=warning msg="bad request: EOF" func="yula/internal/pkg/session/delivery/http.(*SessionHandler).SignInHandler()" file="handlers.go:55" method=POST url=/signin x_request_id=4037200794235010051
time="2021-10-31T14:15:50+03:00" level=debug msg="logout successfully" func="yula/internal/pkg/session/delivery/http.(*SessionHandler).LogOutHandler()" file="handlers.go:152" method=POST url=/logout x_request_id=3916589616287113937
time="2021-10-31T14:15:50+03:00" level=warning msg="unauthorized: http: named cookie not present" func="yula/internal/pkg/session/delivery/http.(*SessionHandler).LogOutHandler()" file="handlers.go:129" method=POST url=/logout x_request_id=6334824724549167320
time="2021-10-31T14:15:50+03:00" level=warning msg="can not delete session: error with code 404 happened: not exist" func="yula/internal/pkg/session/delivery/http.(*SessionHandler).LogOutHandler()" file="handlers.go:139" method=POST url=/logout x_request_id=605394647632969758
time="2021-10-31T14:18:00+03:00" level=debug msg="signin successfully" func="yula/internal/pkg/session/delivery/http.(*SessionHandler).SignInHandler()" file="handlers.go:113" method=POST url=/signin x_request_id=5577006791947779410
time="2021-10-31T18:34:21+03:00" level=debug msg="signin successfully" func="yula/internal/pkg/session/delivery/http.(*SessionHandler).SignInHandler()" file="handlers.go:113" method=POST url=/signin x_request_id=5577006791947779410
time="2021-10-31T18:34:21+03:00" level=warning msg="can not get by email: error with code 404 happened: not exist" func="yula/internal/pkg/session/delivery/http.(*SessionHandler).SignInHandler()" file="handlers.go:74" method=POST url=/signin x_request_id=8674665223082153551
time="2021-10-31T18:34:21+03:00" level=warning msg="wrong password check: error with code 401 happened: password mismatch" func="yula/internal/pkg/session/delivery/http.(*SessionHandler).SignInHandler()" file="handlers.go:84" method=POST url=/signin x_request_id=6129484611666145821
time="2021-10-31T18:34:21+03:00" level=warning msg="bad request: EOF" func="yula/internal/pkg/session/delivery/http.(*SessionHandler).SignInHandler()" file="handlers.go:55" method=POST url=/signin x_request_id=4037200794235010051
time="2021-10-31T18:34:21+03:00" level=debug msg="logout successfully" func="yula/internal/pkg/session/delivery/http.(*SessionHandler).LogOutHandler()" file="handlers.go:152" method=POST url=/logout x_request_id=3916589616287113937
time="2021-10-31T18:34:21+03:00" level=warning msg="unauthorized: http: named cookie not present" func="yula/internal/pkg/session/delivery/http.(*SessionHandler).LogOutHandler()" file="handlers.go:129" method=POST url=/logout x_request_id=6334824724549167320
time="2021-10-31T18:34:21+03:00" level=warning msg="can not delete session: error with code 404 happened: not exist" func="yula/internal/pkg/session/delivery/http.(*SessionHandler).LogOutHandler()" file="handlers.go:139" method=POST url=/logout x_request_id=605394647632969758
time="2021-10-31T18:34:56+03:00" level=debug msg="signin successfully" func="yula/internal/pkg/session/delivery/http.(*SessionHandler).SignInHandler()" file="handlers.go:113" method=POST url=/signin x_request_id=5577006791947779410
time="2021-10-31T18:34:56+03:00" level=warning msg="can not get by email: error with code 404 happened: not exist" func="yula/internal/pkg/session/delivery/http.(*SessionHandler).SignInHandler()" file="handlers.go:74" method=POST url=/signin x_request_id=8674665223082153551
time="2021-10-31T18:34:56+03:00" level=warning msg="wrong password check: error with code 401 happened: password mismatch" func="yula/internal/pkg/session/delivery/http.(*SessionHandler).SignInHandler()" file="handlers.go:84" method=POST url=/signin x_request_id=6129484611666145821
time="2021-10-31T18:34:56+03:00" level=warning msg="bad request: EOF" func="yula/internal/pkg/session/delivery/http.(*SessionHandler).SignInHandler()" file="handlers.go:55" method=POST url=/signin x_request_id=4037200794235010051
time="2021-10-31T18:34:56+03:00" level=debug msg="logout successfully" func="yula/internal/pkg/session/delivery/http.(*SessionHandler).LogOutHandler()" file="handlers.go:152" method=POST url=/logout x_request_id=3916589616287113937
time="2021-10-31T18:34:56+03:00" level=warning msg="unauthorized: http: named cookie not present" func="yula/internal/pkg/session/delivery/http.(*SessionHandler).LogOutHandler()" file="handlers.go:129" method=POST url=/logout x_request_id=6334824724549167320
time="2021-10-31T18:34:56+03:00" level=warning msg="can not delete session: error with code 404 happened: not exist" func="yula/internal/pkg/session/delivery/http.(*SessionHandler).LogOutHandler()" file="handlers.go:139" method=POST url=/logout x_request_id=605394647632969758
time="2021-10-31T20:54:30+03:00" level=debug msg="signin successfully" func="yula/internal/pkg/session/delivery/http.(*SessionHandler).SignInHandler()" file="handlers.go:113" method=POST url=/signin x_request_id=5577006791947779410
time="2021-10-31T20:54:30+03:00" level=warning msg="can not get by email: error with code 404 happened: not exist" func="yula/internal/pkg/session/delivery/http.(*SessionHandler).SignInHandler()" file="handlers.go:74" method=POST url=/signin x_request_id=8674665223082153551
time="2021-10-31T20:54:30+03:00" level=warning msg="wrong password check: error with code 401 happened: password mismatch" func="yula/internal/pkg/session/delivery/http.(*SessionHandler).SignInHandler()" file="handlers.go:84" method=POST url=/signin x_request_id=6129484611666145821
time="2021-10-31T20:54:30+03:00" level=warning msg="bad request: EOF" func="yula/internal/pkg/session/delivery/http.(*SessionHandler).SignInHandler()" file="handlers.go:55" method=POST url=/signin x_request_id=4037200794235010051
time="2021-10-31T20:54:30+03:00" level=debug msg="logout successfully" func="yula/internal/pkg/session/delivery/http.(*SessionHandler).LogOutHandler()" file="handlers.go:152" method=POST url=/logout x_request_id=3916589616287113937
time="2021-10-31T20:54:30+03:00" level=warning msg="unauthorized: http: named cookie not present" func="yula/internal/pkg/session/delivery/http.(*SessionHandler).LogOutHandler()" file="handlers.go:129" method=POST url=/logout x_request_id=6334824724549167320
time="2021-10-31T20:54:30+03:00" level=warning msg="can not delete session: error with code 404 happened: not exist" func="yula/internal/pkg/session/delivery/http.(*SessionHandler).LogOutHandler()" file="handlers.go:139" method=POST url=/logout x_request_id=605394647632969758
time="2021-10-31T20:56:27+03:00" level=debug msg="signin successfully" func="yula/internal/pkg/session/delivery/http.(*SessionHandler).SignInHandler()" file="handlers.go:113" method=POST url=/signin x_request_id=5577006791947779410
time="2021-10-31T20:56:27+03:00" level=warning msg="can not get by email: error with code 404 happened: not exist" func="yula/internal/pkg/session/delivery/http.(*SessionHandler).SignInHandler()" file="handlers.go:74" method=POST url=/signin x_request_id=8674665223082153551
time="2021-10-31T20:56:27+03:00" level=warning msg="wrong password check: error with code 401 happened: password mismatch" func="yula/internal/pkg/session/delivery/http.(*SessionHandler).SignInHandler()" file="handlers.go:84" method=POST url=/signin x_request_id=6129484611666145821
time="2021-10-31T20:56:27+03:00" level=warning msg="bad request: EOF" func="yula/internal/pkg/session/delivery/http.(*SessionHandler).SignInHandler()" file="handlers.go:55" method=POST url=/signin x_request_id=4037200794235010051
time="2021-10-31T20:56:27+03:00" level=debug msg="logout successfully" func="yula/internal/pkg/session/delivery/http.(*SessionHandler).LogOutHandler()" file="handlers.go:152" method=POST url=/logout x_request_id=3916589616287113937
time="2021-10-31T20:56:27+03:00" level=warning msg="unauthorized: http: named cookie not present" func="yula/internal/pkg/session/delivery/http.(*SessionHandler).LogOutHandler()" file="handlers.go:129" method=POST url=/logout x_request_id=6334824724549167320
time="2021-10-31T20:56:27+03:00" level=warning msg="can not delete session: error with code 404 happened: not exist" func="yula/internal/pkg/session/delivery/http.(*SessionHandler).LogOutHandler()" file="handlers.go:139" method=POST url=/logout x_request_id=605394647632969758
time="2021-10-31T21:12:25+03:00" level=debug msg="signin successfully" func="yula/internal/pkg/session/delivery/http.(*SessionHandler).SignInHandler()" file="handlers.go:113" method=POST url=/signin x_request_id=5577006791947779410
time="2021-10-31T21:12:25+03:00" level=warning msg="can not get by email: error with code 404 happened: not exist" func="yula/internal/pkg/session/delivery/http.(*SessionHandler).SignInHandler()" file="handlers.go:74" method=POST url=/signin x_request_id=8674665223082153551
time="2021-10-31T21:12:25+03:00" level=warning msg="wrong password check: error with code 401 happened: password mismatch" func="yula/internal/pkg/session/delivery/http.(*SessionHandler).SignInHandler()" file="handlers.go:84" method=POST url=/signin x_request_id=6129484611666145821
time="2021-10-31T21:12:25+03:00" level=warning msg="bad request: EOF" func="yula/internal/pkg/session/delivery/http.(*SessionHandler).SignInHandler()" file="handlers.go:55" method=POST url=/signin x_request_id=4037200794235010051
time="2021-10-31T21:12:25+03:00" level=debug msg="logout successfully" func="yula/internal/pkg/session/delivery/http.(*SessionHandler).LogOutHandler()" file="handlers.go:152" method=POST url=/logout x_request_id=3916589616287113937
time="2021-10-31T21:12:25+03:00" level=warning msg="unauthorized: http: named cookie not present" func="yula/internal/pkg/session/delivery/http.(*SessionHandler).LogOutHandler()" file="handlers.go:129" method=POST url=/logout x_request_id=6334824724549167320
time="2021-10-31T21:12:25+03:00" level=warning msg="can not delete session: error with code 404 happened: not exist" func="yula/internal/pkg/session/delivery/http.(*SessionHandler).LogOutHandler()" file="handlers.go:139" method=POST url=/logout x_request_id=605394647632969758
time="2021-10-31T21:24:56+03:00" level=debug msg="signin successfully" func="yula/internal/pkg/session/delivery/http.(*SessionHandler).SignInHandler()" file="handlers.go:113" method=POST url=/signin x_request_id=5577006791947779410
time="2021-10-31T21:24:56+03:00" level=warning msg="can not get by email: error with code 404 happened: not exist" func="yula/internal/pkg/session/delivery/http.(*SessionHandler).SignInHandler()" file="handlers.go:74" method=POST url=/signin x_request_id=8674665223082153551
time="2021-10-31T21:24:56+03:00" level=warning msg="wrong password check: error with code 401 happened: password mismatch" func="yula/internal/pkg/session/delivery/http.(*SessionHandler).SignInHandler()" file="handlers.go:84" method=POST url=/signin x_request_id=6129484611666145821
time="2021-10-31T21:24:56+03:00" level=warning msg="bad request: EOF" func="yula/internal/pkg/session/delivery/http.(*SessionHandler).SignInHandler()" file="handlers.go:55" method=POST url=/signin x_request_id=4037200794235010051
time="2021-10-31T21:24:56+03:00" level=debug msg="logout successfully" func="yula/internal/pkg/session/delivery/http.(*SessionHandler).LogOutHandler()" file="handlers.go:152" method=POST url=/logout x_request_id=3916589616287113937
time="2021-10-31T21:24:56+03:00" level=warning msg="unauthorized: http: named cookie not present" func="yula/internal/pkg/session/delivery/http.(*SessionHandler).LogOutHandler()" file="handlers.go:129" method=POST url=/logout x_request_id=6334824724549167320
time="2021-10-31T21:24:56+03:00" level=warning msg="can not delete session: error with code 404 happened: not exist" func="yula/internal/pkg/session/delivery/http.(*SessionHandler).LogOutHandler()" file="handlers.go:139" method=POST url=/logout x_request_id=605394647632969758
time="2021-10-31T21:42:01+03:00" level=debug msg="signin successfully" func="yula/internal/pkg/session/delivery/http.(*SessionHandler).SignInHandler()" file="handlers.go:113" method=POST url=/signin x_request_id=5577006791947779410
time="2021-10-31T21:42:01+03:00" level=warning msg="can not get by email: error with code 404 happened: not exist" func="yula/internal/pkg/session/delivery/http.(*SessionHandler).SignInHandler()" file="handlers.go:74" method=POST url=/signin x_request_id=8674665223082153551
time="2021-10-31T21:42:01+03:00" level=warning msg="wrong password check: error with code 401 happened: password mismatch" func="yula/internal/pkg/session/delivery/http.(*SessionHandler).SignInHandler()" file="handlers.go:84" method=POST url=/signin x_request_id=6129484611666145821
time="2021-10-31T21:42:01+03:00" level=warning msg="bad request: EOF" func="yula/internal/pkg/session/delivery/http.(*SessionHandler).SignInHandler()" file="handlers.go:55" method=POST url=/signin x_request_id=4037200794235010051
time="2021-10-31T21:42:01+03:00" level=debug msg="logout successfully" func="yula/internal/pkg/session/delivery/http.(*SessionHandler).LogOutHandler()" file="handlers.go:152" method=POST url=/logout x_request_id=3916589616287113937
time="2021-10-31T21:42:01+03:00" level=warning msg="unauthorized: http: named cookie not present" func="yula/internal/pkg/session/delivery/http.(*SessionHandler).LogOutHandler()" file="handlers.go:129" method=POST url=/logout x_request_id=6334824724549167320
time="2021-10-31T21:42:01+03:00" level=warning msg="can not delete session: error with code 404 happened: not exist" func="yula/internal/pkg/session/delivery/http.(*SessionHandler).LogOutHandler()" file="handlers.go:139" method=POST url=/logout x_request_id=605394647632969758
time="2021-11-01T11:43:01+03:00" level=debug msg="signin successfully" func="yula/internal/pkg/session/delivery/http.(*SessionHandler).SignInHandler()" file="handlers.go:119" method=POST url=/signin x_request_id=5577006791947779410
time="2021-11-01T11:43:01+03:00" level=warning msg="can not get by email: error with code 404 happened: not exist" func="yula/internal/pkg/session/delivery/http.(*SessionHandler).SignInHandler()" file="handlers.go:80" method=POST url=/signin x_request_id=8674665223082153551
time="2021-11-01T11:43:01+03:00" level=warning msg="wrong password check: error with code 401 happened: password mismatch" func="yula/internal/pkg/session/delivery/http.(*SessionHandler).SignInHandler()" file="handlers.go:90" method=POST url=/signin x_request_id=6129484611666145821
time="2021-11-01T11:43:01+03:00" level=warning msg="bad request: EOF" func="yula/internal/pkg/session/delivery/http.(*SessionHandler).SignInHandler()" file="handlers.go:57" method=POST url=/signin x_request_id=4037200794235010051
time="2021-11-01T11:43:01+03:00" level=debug msg="logout successfully" func="yula/internal/pkg/session/delivery/http.(*SessionHandler).LogOutHandler()" file="handlers.go:158" method=POST url=/logout x_request_id=3916589616287113937
time="2021-11-01T11:43:01+03:00" level=warning msg="unauthorized: http: named cookie not present" func="yula/internal/pkg/session/delivery/http.(*SessionHandler).LogOutHandler()" file="handlers.go:135" method=POST url=/logout x_request_id=6334824724549167320
time="2021-11-01T11:43:01+03:00" level=warning msg="can not delete session: error with code 404 happened: not exist" func="yula/internal/pkg/session/delivery/http.(*SessionHandler).LogOutHandler()" file="handlers.go:145" method=POST url=/logout x_request_id=605394647632969758
time="2021-11-01T11:48:11+03:00" level=debug msg="signin successfully" func="yula/internal/pkg/session/delivery/http.(*SessionHandler).SignInHandler()" file="handlers.go:119" method=POST url=/signin x_request_id=5577006791947779410
time="2021-11-01T11:48:11+03:00" level=warning msg="can not get by email: error with code 404 happened: not exist" func="yula/internal/pkg/session/delivery/http.(*SessionHandler).SignInHandler()" file="handlers.go:80" method=POST url=/signin x_request_id=8674665223082153551
time="2021-11-01T11:48:11+03:00" level=warning msg="wrong password check: error with code 401 happened: password mismatch" func="yula/internal/pkg/session/delivery/http.(*SessionHandler).SignInHandler()" file="handlers.go:90" method=POST url=/signin x_request_id=6129484611666145821
time="2021-11-01T11:48:11+03:00" level=warning msg="bad request: EOF" func="yula/internal/pkg/session/delivery/http.(*SessionHandler).SignInHandler()" file="handlers.go:57" method=POST url=/signin x_request_id=4037200794235010051
time="2021-11-01T11:48:11+03:00" level=debug msg="logout successfully" func="yula/internal/pkg/session/delivery/http.(*SessionHandler).LogOutHandler()" file="handlers.go:158" method=POST url=/logout x_request_id=3916589616287113937
time="2021-11-01T11:48:11+03:00" level=warning msg="unauthorized: http: named cookie not present" func="yula/internal/pkg/session/delivery/http.(*SessionHandler).LogOutHandler()" file="handlers.go:135" method=POST url=/logout x_request_id=6334824724549167320
time="2021-11-01T11:48:11+03:00" level=warning msg="can not delete session: error with code 404 happened: not exist" func="yula/internal/pkg/session/delivery/http.(*SessionHandler).LogOutHandler()" file="handlers.go:145" method=POST url=/logout x_request_id=605394647632969758
time="2021-11-01T11:49:44+03:00" level=debug msg="signin successfully" func="yula/internal/pkg/session/delivery/http.(*SessionHandler).SignInHandler()" file="handlers.go:119" method=POST url=/signin x_request_id=5577006791947779410
time="2021-11-01T11:49:44+03:00" level=warning msg="can not get by email: error with code 404 happened: not exist" func="yula/internal/pkg/session/delivery/http.(*SessionHandler).SignInHandler()" file="handlers.go:80" method=POST url=/signin x_request_id=8674665223082153551
time="2021-11-01T11:49:44+03:00" level=warning msg="wrong password check: error with code 401 happened: password mismatch" func="yula/internal/pkg/session/delivery/http.(*SessionHandler).SignInHandler()" file="handlers.go:90" method=POST url=/signin x_request_id=6129484611666145821
time="2021-11-01T11:49:44+03:00" level=warning msg="bad request: EOF" func="yula/internal/pkg/session/delivery/http.(*SessionHandler).SignInHandler()" file="handlers.go:57" method=POST url=/signin x_request_id=4037200794235010051
time="2021-11-01T11:49:44+03:00" level=debug msg="logout successfully" func="yula/internal/pkg/session/delivery/http.(*SessionHandler).LogOutHandler()" file="handlers.go:158" method=POST url=/logout x_request_id=3916589616287113937
time="2021-11-01T11:49:44+03:00" level=warning msg="unauthorized: http: named cookie not present" func="yula/internal/pkg/session/delivery/http.(*SessionHandler).LogOutHandler()" file="handlers.go:135" method=POST url=/logout x_request_id=6334824724549167320
time="2021-11-01T11:49:44+03:00" level=warning msg="can not delete session: error with code 404 happened: not exist" func="yula/internal/pkg/session/delivery/http.(*SessionHandler).LogOutHandler()" file="handlers.go:145" method=POST url=/logout x_request_id=605394647632969758
time="2021-11-01T11:51:10+03:00" level=debug msg="signin successfully" func="yula/internal/pkg/session/delivery/http.(*SessionHandler).SignInHandler()" file="handlers.go:119" method=POST url=/signin x_request_id=5577006791947779410
time="2021-11-01T11:51:10+03:00" level=warning msg="can not get by email: error with code 404 happened: not exist" func="yula/internal/pkg/session/delivery/http.(*SessionHandler).SignInHandler()" file="handlers.go:80" method=POST url=/signin x_request_id=8674665223082153551
time="2021-11-01T11:51:10+03:00" level=warning msg="wrong password check: error with code 401 happened: password mismatch" func="yula/internal/pkg/session/delivery/http.(*SessionHandler).SignInHandler()" file="handlers.go:90" method=POST url=/signin x_request_id=6129484611666145821
time="2021-11-01T11:51:10+03:00" level=warning msg="bad request: EOF" func="yula/internal/pkg/session/delivery/http.(*SessionHandler).SignInHandler()" file="handlers.go:57" method=POST url=/signin x_request_id=4037200794235010051
time="2021-11-01T11:51:10+03:00" level=debug msg="logout successfully" func="yula/internal/pkg/session/delivery/http.(*SessionHandler).LogOutHandler()" file="handlers.go:158" method=POST url=/logout x_request_id=3916589616287113937
time="2021-11-01T11:51:10+03:00" level=warning msg="unauthorized: http: named cookie not present" func="yula/internal/pkg/session/delivery/http.(*SessionHandler).LogOutHandler()" file="handlers.go:135" method=POST url=/logout x_request_id=6334824724549167320
time="2021-11-01T11:51:10+03:00" level=warning msg="can not delete session: error with code 404 happened: not exist" func="yula/internal/pkg/session/delivery/http.(*SessionHandler).LogOutHandler()" file="handlers.go:145" method=POST url=/logout x_request_id=605394647632969758
time="2021-11-01T13:12:52+03:00" level=debug msg="signin successfully" func="yula/internal/pkg/session/delivery/http.(*SessionHandler).SignInHandler()" file="handlers.go:119" method=POST url=/signin x_request_id=5577006791947779410
time="2021-11-01T13:12:52+03:00" level=warning msg="can not get by email: error with code 404 happened: not exist" func="yula/internal/pkg/session/delivery/http.(*SessionHandler).SignInHandler()" file="handlers.go:80" method=POST url=/signin x_request_id=8674665223082153551
time="2021-11-01T13:12:52+03:00" level=warning msg="wrong password check: error with code 401 happened: password mismatch" func="yula/internal/pkg/session/delivery/http.(*SessionHandler).SignInHandler()" file="handlers.go:90" method=POST url=/signin x_request_id=6129484611666145821
time="2021-11-01T13:12:52+03:00" level=warning msg="bad request: EOF" func="yula/internal/pkg/session/delivery/http.(*SessionHandler).SignInHandler()" file="handlers.go:57" method=POST url=/signin x_request_id=4037200794235010051
time="2021-11-01T13:12:52+03:00" level=debug msg="logout successfully" func="yula/internal/pkg/session/delivery/http.(*SessionHandler).LogOutHandler()" file="handlers.go:158" method=POST url=/logout x_request_id=3916589616287113937
time="2021-11-01T13:12:52+03:00" level=warning msg="unauthorized: http: named cookie not present" func="yula/internal/pkg/session/delivery/http.(*SessionHandler).LogOutHandler()" file="handlers.go:135" method=POST url=/logout x_request_id=6334824724549167320
time="2021-11-01T13:12:52+03:00" level=warning msg="can not delete session: error with code 404 happened: not exist" func="yula/internal/pkg/session/delivery/http.(*SessionHandler).LogOutHandler()" file="handlers.go:145" method=POST url=/logout x_request_id=605394647632969758
time="2021-11-01T13:15:38+03:00" level=debug msg="signin successfully" func="yula/internal/pkg/session/delivery/http.(*SessionHandler).SignInHandler()" file="handlers.go:119" method=POST url=/signin x_request_id=5577006791947779410
time="2021-11-01T13:15:38+03:00" level=warning msg="can not get by email: error with code 404 happened: not exist" func="yula/internal/pkg/session/delivery/http.(*SessionHandler).SignInHandler()" file="handlers.go:80" method=POST url=/signin x_request_id=8674665223082153551
time="2021-11-01T13:15:38+03:00" level=warning msg="wrong password check: error with code 401 happened: password mismatch" func="yula/internal/pkg/session/delivery/http.(*SessionHandler).SignInHandler()" file="handlers.go:90" method=POST url=/signin x_request_id=6129484611666145821
time="2021-11-01T13:15:38+03:00" level=warning msg="bad request: EOF" func="yula/internal/pkg/session/delivery/http.(*SessionHandler).SignInHandler()" file="handlers.go:57" method=POST url=/signin x_request_id=4037200794235010051
time="2021-11-01T13:15:38+03:00" level=debug msg="logout successfully" func="yula/internal/pkg/session/delivery/http.(*SessionHandler).LogOutHandler()" file="handlers.go:158" method=POST url=/logout x_request_id=3916589616287113937
time="2021-11-01T13:15:38+03:00" level=warning msg="unauthorized: http: named cookie not present" func="yula/internal/pkg/session/delivery/http.(*SessionHandler).LogOutHandler()" file="handlers.go:135" method=POST url=/logout x_request_id=6334824724549167320
time="2021-11-01T13:15:38+03:00" level=warning msg="can not delete session: error with code 404 happened: not exist" func="yula/internal/pkg/session/delivery/http.(*SessionHandler).LogOutHandler()" file="handlers.go:145" method=POST url=/logout x_request_id=605394647632969758
time="2021-11-01T13:52:57+03:00" level=debug msg="signin successfully" func="yula/internal/pkg/session/delivery/http.(*SessionHandler).SignInHandler()" file="handlers.go:119" method=POST url=/signin x_request_id=5577006791947779410
time="2021-11-01T13:52:57+03:00" level=warning msg="can not get by email: error with code 404 happened: not exist" func="yula/internal/pkg/session/delivery/http.(*SessionHandler).SignInHandler()" file="handlers.go:80" method=POST url=/signin x_request_id=8674665223082153551
time="2021-11-01T13:52:57+03:00" level=warning msg="wrong password check: error with code 401 happened: password mismatch" func="yula/internal/pkg/session/delivery/http.(*SessionHandler).SignInHandler()" file="handlers.go:90" method=POST url=/signin x_request_id=6129484611666145821
time="2021-11-01T13:52:57+03:00" level=warning msg="bad request: EOF" func="yula/internal/pkg/session/delivery/http.(*SessionHandler).SignInHandler()" file="handlers.go:57" method=POST url=/signin x_request_id=4037200794235010051
time="2021-11-01T13:52:57+03:00" level=debug msg="logout successfully" func="yula/internal/pkg/session/delivery/http.(*SessionHandler).LogOutHandler()" file="handlers.go:158" method=POST url=/logout x_request_id=3916589616287113937
time="2021-11-01T13:52:57+03:00" level=warning msg="unauthorized: http: named cookie not present" func="yula/internal/pkg/session/delivery/http.(*SessionHandler).LogOutHandler()" file="handlers.go:135" method=POST url=/logout x_request_id=6334824724549167320
time="2021-11-01T13:52:57+03:00" level=warning msg="can not delete session: error with code 404 happened: not exist" func="yula/internal/pkg/session/delivery/http.(*SessionHandler).LogOutHandler()" file="handlers.go:145" method=POST url=/logout x_request_id=605394647632969758
time="2021-11-01T14:46:02+03:00" level=debug msg="signin successfully" func="yula/internal/pkg/session/delivery/http.(*SessionHandler).SignInHandler()" file="handlers.go:119" method=POST url=/signin x_request_id=5577006791947779410
time="2021-11-01T14:46:02+03:00" level=warning msg="can not get by email: error with code 404 happened: not exist" func="yula/internal/pkg/session/delivery/http.(*SessionHandler).SignInHandler()" file="handlers.go:80" method=POST url=/signin x_request_id=8674665223082153551
time="2021-11-01T14:46:02+03:00" level=warning msg="wrong password check: error with code 401 happened: password mismatch" func="yula/internal/pkg/session/delivery/http.(*SessionHandler).SignInHandler()" file="handlers.go:90" method=POST url=/signin x_request_id=6129484611666145821
time="2021-11-01T14:46:02+03:00" level=warning msg="bad request: EOF" func="yula/internal/pkg/session/delivery/http.(*SessionHandler).SignInHandler()" file="handlers.go:57" method=POST url=/signin x_request_id=4037200794235010051
time="2021-11-01T14:46:02+03:00" level=debug msg="logout successfully" func="yula/internal/pkg/session/delivery/http.(*SessionHandler).LogOutHandler()" file="handlers.go:158" method=POST url=/logout x_request_id=3916589616287113937
time="2021-11-01T14:46:02+03:00" level=warning msg="unauthorized: http: named cookie not present" func="yula/internal/pkg/session/delivery/http.(*SessionHandler).LogOutHandler()" file="handlers.go:135" method=POST url=/logout x_request_id=6334824724549167320
time="2021-11-01T14:46:02+03:00" level=warning msg="can not delete session: error with code 404 happened: not exist" func="yula/internal/pkg/session/delivery/http.(*SessionHandler).LogOutHandler()" file="handlers.go:145" method=POST url=/logout x_request_id=605394647632969758
time="2021-11-01T15:39:16+03:00" level=debug msg="signin successfully" func="yula/internal/pkg/session/delivery/http.(*SessionHandler).SignInHandler()" file="handlers.go:119" method=POST url=/signin x_request_id=5577006791947779410
time="2021-11-01T15:39:16+03:00" level=warning msg="can not get by email: error with code 404 happened: not exist" func="yula/internal/pkg/session/delivery/http.(*SessionHandler).SignInHandler()" file="handlers.go:80" method=POST url=/signin x_request_id=8674665223082153551
time="2021-11-01T15:39:16+03:00" level=warning msg="wrong password check: error with code 401 happened: password mismatch" func="yula/internal/pkg/session/delivery/http.(*SessionHandler).SignInHandler()" file="handlers.go:90" method=POST url=/signin x_request_id=6129484611666145821
time="2021-11-01T15:39:16+03:00" level=warning msg="bad request: EOF" func="yula/internal/pkg/session/delivery/http.(*SessionHandler).SignInHandler()" file="handlers.go:57" method=POST url=/signin x_request_id=4037200794235010051
time="2021-11-01T15:39:16+03:00" level=debug msg="logout successfully" func="yula/internal/pkg/session/delivery/http.(*SessionHandler).LogOutHandler()" file="handlers.go:158" method=POST url=/logout x_request_id=3916589616287113937
time="2021-11-01T15:39:16+03:00" level=warning msg="unauthorized: http: named cookie not present" func="yula/internal/pkg/session/delivery/http.(*SessionHandler).LogOutHandler()" file="handlers.go:135" method=POST url=/logout x_request_id=6334824724549167320
time="2021-11-01T15:39:16+03:00" level=warning msg="can not delete session: error with code 404 happened: not exist" func="yula/internal/pkg/session/delivery/http.(*SessionHandler).LogOutHandler()" file="handlers.go:145" method=POST url=/logout x_request_id=605394647632969758
time="2021-11-01T18:54:02+03:00" level=debug msg="signin successfully" func="yula/internal/pkg/session/delivery/http.(*SessionHandler).SignInHandler()" file="handlers.go:119" method=POST url=/signin x_request_id=5577006791947779410
time="2021-11-01T18:54:02+03:00" level=warning msg="can not get by email: error with code 404 happened: not exist" func="yula/internal/pkg/session/delivery/http.(*SessionHandler).SignInHandler()" file="handlers.go:80" method=POST url=/signin x_request_id=8674665223082153551
time="2021-11-01T18:54:02+03:00" level=warning msg="wrong password check: error with code 401 happened: password mismatch" func="yula/internal/pkg/session/delivery/http.(*SessionHandler).SignInHandler()" file="handlers.go:90" method=POST url=/signin x_request_id=6129484611666145821
time="2021-11-01T18:54:02+03:00" level=warning msg="bad request: EOF" func="yula/internal/pkg/session/delivery/http.(*SessionHandler).SignInHandler()" file="handlers.go:57" method=POST url=/signin x_request_id=4037200794235010051
time="2021-11-01T18:54:02+03:00" level=debug msg="logout successfully" func="yula/internal/pkg/session/delivery/http.(*SessionHandler).LogOutHandler()" file="handlers.go:158" method=POST url=/logout x_request_id=3916589616287113937
time="2021-11-01T18:54:02+03:00" level=warning msg="unauthorized: http: named cookie not present" func="yula/internal/pkg/session/delivery/http.(*SessionHandler).LogOutHandler()" file="handlers.go:135" method=POST url=/logout x_request_id=6334824724549167320
time="2021-11-01T18:54:02+03:00" level=warning msg="can not delete session: error with code 404 happened: not exist" func="yula/internal/pkg/session/delivery/http.(*SessionHandler).LogOutHandler()" file="handlers.go:145" method=POST url=/logout x_request_id=605394647632969758
time="2021-11-01T18:54:24+03:00" level=debug msg="signin successfully" func="yula/internal/pkg/session/delivery/http.(*SessionHandler).SignInHandler()" file="handlers.go:119" method=POST url=/signin x_request_id=5577006791947779410
time="2021-11-01T18:54:24+03:00" level=warning msg="can not get by email: error with code 404 happened: not exist" func="yula/internal/pkg/session/delivery/http.(*SessionHandler).SignInHandler()" file="handlers.go:80" method=POST url=/signin x_request_id=8674665223082153551
time="2021-11-01T18:54:24+03:00" level=warning msg="wrong password check: error with code 401 happened: password mismatch" func="yula/internal/pkg/session/delivery/http.(*SessionHandler).SignInHandler()" file="handlers.go:90" method=POST url=/signin x_request_id=6129484611666145821
time="2021-11-01T18:54:24+03:00" level=warning msg="bad request: EOF" func="yula/internal/pkg/session/delivery/http.(*SessionHandler).SignInHandler()" file="handlers.go:57" method=POST url=/signin x_request_id=4037200794235010051
time="2021-11-01T18:54:24+03:00" level=debug msg="logout successfully" func="yula/internal/pkg/session/delivery/http.(*SessionHandler).LogOutHandler()" file="handlers.go:158" method=POST url=/logout x_request_id=3916589616287113937
time="2021-11-01T18:54:24+03:00" level=warning msg="unauthorized: http: named cookie not present" func="yula/internal/pkg/session/delivery/http.(*SessionHandler).LogOutHandler()" file="handlers.go:135" method=POST url=/logout x_request_id=6334824724549167320
time="2021-11-01T18:54:24+03:00" level=warning msg="can not delete session: error with code 404 happened: not exist" func="yula/internal/pkg/session/delivery/http.(*SessionHandler).LogOutHandler()" file="handlers.go:145" method=POST url=/logout x_request_id=605394647632969758
time="2021-11-01T19:10:43+03:00" level=debug msg="signin successfully" func="yula/internal/pkg/session/delivery/http.(*SessionHandler).SignInHandler()" file="handlers.go:119" method=POST url=/signin x_request_id=5577006791947779410
time="2021-11-01T19:10:43+03:00" level=warning msg="can not get by email: error with code 404 happened: not exist" func="yula/internal/pkg/session/delivery/http.(*SessionHandler).SignInHandler()" file="handlers.go:80" method=POST url=/signin x_request_id=8674665223082153551
time="2021-11-01T19:10:43+03:00" level=warning msg="wrong password check: error with code 401 happened: password mismatch" func="yula/internal/pkg/session/delivery/http.(*SessionHandler).SignInHandler()" file="handlers.go:90" method=POST url=/signin x_request_id=6129484611666145821
time="2021-11-01T19:10:43+03:00" level=warning msg="bad request: EOF" func="yula/internal/pkg/session/delivery/http.(*SessionHandler).SignInHandler()" file="handlers.go:57" method=POST url=/signin x_request_id=4037200794235010051
time="2021-11-01T19:10:43+03:00" level=debug msg="logout successfully" func="yula/internal/pkg/session/delivery/http.(*SessionHandler).LogOutHandler()" file="handlers.go:158" method=POST url=/logout x_request_id=3916589616287113937
time="2021-11-01T19:10:43+03:00" level=warning msg="unauthorized: http: named cookie not present" func="yula/internal/pkg/session/delivery/http.(*SessionHandler).LogOutHandler()" file="handlers.go:135" method=POST url=/logout x_request_id=6334824724549167320
time="2021-11-01T19:10:43+03:00" level=warning msg="can not delete session: error with code 404 happened: not exist" func="yula/internal/pkg/session/delivery/http.(*SessionHandler).LogOutHandler()" file="handlers.go:145" method=POST url=/logout x_request_id=605394647632969758
time="2021-11-01T19:42:32+03:00" level=debug msg="signin successfully" func="yula/internal/pkg/session/delivery/http.(*SessionHandler).SignInHandler()" file="handlers.go:119" method=POST url=/signin x_request_id=5577006791947779410
time="2021-11-01T19:42:32+03:00" level=warning msg="can not get by email: error with code 404 happened: not exist" func="yula/internal/pkg/session/delivery/http.(*SessionHandler).SignInHandler()" file="handlers.go:80" method=POST url=/signin x_request_id=8674665223082153551
time="2021-11-01T19:42:32+03:00" level=warning msg="wrong password check: error with code 401 happened: password mismatch" func="yula/internal/pkg/session/delivery/http.(*SessionHandler).SignInHandler()" file="handlers.go:90" method=POST url=/signin x_request_id=6129484611666145821
time="2021-11-01T19:42:32+03:00" level=warning msg="bad request: EOF" func="yula/internal/pkg/session/delivery/http.(*SessionHandler).SignInHandler()" file="handlers.go:57" method=POST url=/signin x_request_id=4037200794235010051
time="2021-11-01T19:42:32+03:00" level=debug msg="logout successfully" func="yula/internal/pkg/session/delivery/http.(*SessionHandler).LogOutHandler()" file="handlers.go:158" method=POST url=/logout x_request_id=3916589616287113937
time="2021-11-01T19:42:32+03:00" level=warning msg="unauthorized: http: named cookie not present" func="yula/internal/pkg/session/delivery/http.(*SessionHandler).LogOutHandler()" file="handlers.go:135" method=POST url=/logout x_request_id=6334824724549167320
time="2021-11-01T19:42:32+03:00" level=warning msg="can not delete session: error with code 404 happened: not exist" func="yula/internal/pkg/session/delivery/http.(*SessionHandler).LogOutHandler()" file="handlers.go:145" method=POST url=/logout x_request_id=605394647632969758
